<?xml version="1.0" encoding="UTF-8"?>
<!-- Generated by org.testng.reporters.JUnitXMLReporter -->
<testsuite ignored="4" hostname="LTIN275543" failures="0" tests="10" name="myTest" time="82.613" errors="0" timestamp="2024-02-12T12:21:53 IST">
  <testcase classname="testCases.TC_001" name="test_titleValidation" time="0.754"/>
  <testcase classname="testCases.TC_001" name="clickUpcomingBikes" time="2.834"/>
  <testcase classname="testCases.TC_001" name="manufacturerVisbleTest" time="0.251"/>
  <testcase classname="testCases.TC_001" name="setBikeModelHonda" time="7.757"/>
  <testcase classname="testCases.TC_001" name="hondaVisibleTest" time="0.051"/>
  <testcase classname="testCases.TC_001" name="printBikesDetails" time="10.006"/>
  <testcase classname="testCases.TC_002" name="verifyUsedCarsPage" time="13.517"/>
  <testcase classname="testCases.TC_002" name="printPopularModels" time="7.866"/>
  <testcase classname="testCases.TC_003" name="verifyLoginBtn" time="0.315"/>
  <testcase classname="testCases.TC_003" name="test_verifyLogin" time="8.719"/>
  <testcase classname="testBase.BaseClass" name="@BeforeTest setup" time="0.0">
    <ignored/>
  </testcase> <!-- @BeforeTest setup -->
  <testcase classname="testBase.BaseClass" name="@AfterTest teardown" time="0.0">
    <ignored/>
  </testcase> <!-- @AfterTest teardown -->
  <testcase classname="testBase.BaseClass" name="@AfterTest teardown" time="0.0">
    <ignored/>
  </testcase> <!-- @AfterTest teardown -->
  <testcase classname="testBase.BaseClass" name="@BeforeTest setup" time="0.0">
    <ignored/>
  </testcase> <!-- @BeforeTest setup -->
</testsuite> <!-- myTest -->
