<?xml version="1.0" encoding="UTF-8"?>
<!-- Generated by org.testng.reporters.JUnitXMLReporter -->
<testsuite ignored="4" hostname="LTIN275543" failures="0" tests="10" name="myTest" time="103.927" errors="0" timestamp="2024-02-12T11:43:07 IST">
  <testcase classname="testCases.TC_001" name="test_titleValidation" time="2.055"/>
  <testcase classname="testCases.TC_001" name="clickUpcomingBikes" time="13.799"/>
  <testcase classname="testCases.TC_001" name="manufacturerVisbleTest" time="0.407"/>
  <testcase classname="testCases.TC_001" name="setBikeModelHonda" time="3.673"/>
  <testcase classname="testCases.TC_001" name="hondaVisibleTest" time="0.084"/>
  <testcase classname="testCases.TC_001" name="printBikesDetails" time="16.45"/>
  <testcase classname="testCases.TC_002" name="verifyUsedCarsPage" time="16.477"/>
  <testcase classname="testCases.TC_002" name="printPopularModels" time="10.435"/>
  <testcase classname="testCases.TC_003" name="verifyLoginBtn" time="0.481"/>
  <testcase classname="testCases.TC_003" name="test_verifyLogin" time="9.884"/>
  <testcase classname="testBase.BaseClass" name="@BeforeTest setup" time="0.0">
    <ignored/>
  </testcase> <!-- @BeforeTest setup -->
  <testcase classname="testBase.BaseClass" name="@BeforeTest setup" time="0.0">
    <ignored/>
  </testcase> <!-- @BeforeTest setup -->
  <testcase classname="testBase.BaseClass" name="@AfterTest teardown" time="0.0">
    <ignored/>
  </testcase> <!-- @AfterTest teardown -->
  <testcase classname="testBase.BaseClass" name="@AfterTest teardown" time="0.0">
    <ignored/>
  </testcase> <!-- @AfterTest teardown -->
</testsuite> <!-- myTest -->
