<?xml version="1.0" encoding="UTF-8"?>
<!-- Generated by org.testng.reporters.JUnitXMLReporter -->
<testsuite ignored="4" hostname="LTIN275543" failures="0" tests="10" name="myTest" time="0.778" errors="0" timestamp="2024-02-12T12:19:27 IST">
  <testcase classname="testBase.BaseClass" name="@BeforeTest setup" time="0.031">
    <failure type="java.lang.Error" message="Unresolved compilation problems: 
	Cannot switch on a value of type String for source level below 1.7. Only convertible int values or enum variables are permitted
	Cannot switch on a value of type String for source level below 1.7. Only convertible int values or enum variables are permitted
">
      <![CDATA[java.lang.Error: Unresolved compilation problems: 
Cannot switch on a value of type String for source level below 1.7. Only convertible int values or enum variables are permitted
Cannot switch on a value of type String for source level below 1.7. Only convertible int values or enum variables are permitted

at testBase.BaseClass.setup(BaseClass.java:64)
... Removed 24 stack frames]]>
    </failure>
  </testcase> <!-- @BeforeTest setup -->
  <testcase classname="testBase.BaseClass" name="@AfterTest teardown" time="0.0">
    <skipped/>
  </testcase> <!-- @AfterTest teardown -->
  <testcase classname="testCases.TC_001" name="test_titleValidation" time="0.0">
    <skipped/>
  </testcase> <!-- test_titleValidation -->
  <testcase classname="testCases.TC_001" name="clickUpcomingBikes" time="0.0">
    <skipped/>
  </testcase> <!-- clickUpcomingBikes -->
  <testcase classname="testCases.TC_001" name="manufacturerVisbleTest" time="0.0">
    <skipped/>
  </testcase> <!-- manufacturerVisbleTest -->
  <testcase classname="testCases.TC_001" name="setBikeModelHonda" time="0.0">
    <skipped/>
  </testcase> <!-- setBikeModelHonda -->
  <testcase classname="testCases.TC_001" name="hondaVisibleTest" time="0.0">
    <skipped/>
  </testcase> <!-- hondaVisibleTest -->
  <testcase classname="testCases.TC_001" name="printBikesDetails" time="0.001">
    <skipped/>
  </testcase> <!-- printBikesDetails -->
  <testcase classname="testCases.TC_002" name="verifyUsedCarsPage" time="0.001">
    <skipped/>
  </testcase> <!-- verifyUsedCarsPage -->
  <testcase classname="testCases.TC_002" name="printPopularModels" time="0.0">
    <skipped/>
  </testcase> <!-- printPopularModels -->
  <testcase classname="testCases.TC_003" name="verifyLoginBtn" time="0.0">
    <skipped/>
  </testcase> <!-- verifyLoginBtn -->
  <testcase classname="testCases.TC_003" name="test_verifyLogin" time="0.0">
    <skipped/>
  </testcase> <!-- test_verifyLogin -->
  <testcase classname="testBase.BaseClass" name="@BeforeTest setup" time="0.0">
    <ignored/>
  </testcase> <!-- @BeforeTest setup -->
  <testcase classname="testBase.BaseClass" name="@BeforeTest setup" time="0.0">
    <ignored/>
  </testcase> <!-- @BeforeTest setup -->
  <testcase classname="testBase.BaseClass" name="@AfterTest teardown" time="0.0">
    <ignored/>
  </testcase> <!-- @AfterTest teardown -->
  <testcase classname="testBase.BaseClass" name="@AfterTest teardown" time="0.0">
    <ignored/>
  </testcase> <!-- @AfterTest teardown -->
</testsuite> <!-- myTest -->
