<?xml version="1.0" encoding="UTF-8"?>
<testsuite xmlns:xsi="http://www.w3.org/2001/XMLSchema-instance" xsi:noNamespaceSchemaLocation="https://maven.apache.org/surefire/maven-surefire-plugin/xsd/surefire-test-report-3.0.xsd" version="3.0" name="TestSuite" time="93.735" tests="10" errors="0" skipped="0" failures="0">
  <properties>
[...]
</properties>
  <testcase name="test_titleValidation" classname="testCases.TC_001" time="1.253">
    <system-err><![CDATA[SLF4J: Failed to load class "org.slf4j.impl.StaticLoggerBinder".
SLF4J: Defaulting to no-operation (NOP) logger implementation
SLF4J: See http://www.slf4j.org/codes.html#StaticLoggerBinder for further details.
Feb 12, 2024 12:20:32 PM org.openqa.selenium.devtools.CdpVersionFinder findNearestMatch
WARNING: Unable to find an exact match for CDP version 121, returning the closest version; found: 120; Please update to a Selenium version that supports CDP version 121
]]></system-err>
  </testcase>
  <testcase name="clickUpcomingBikes" classname="testCases.TC_001" time="3.209"/>
  <testcase name="manufacturerVisbleTest" classname="testCases.TC_001" time="0.531">
    <system-out><![CDATA[Manufacturer dropdown is present
]]></system-out>
  </testcase>
  <testcase name="setBikeModelHonda" classname="testCases.TC_001" time="8.162">
    <system-out><![CDATA[Honda is selected
]]></system-out>
  </testcase>
  <testcase name="hondaVisibleTest" classname="testCases.TC_001" time="0.849">
    <system-out><![CDATA[Honda is present
]]></system-out>
  </testcase>
  <testcase name="printBikesDetails" classname="testCases.TC_001" time="10.453">
    <system-out><![CDATA[Honda CRF300L: 3.3
Honda Activa Electric: 1.1
Honda Forza 350: 3.7
Honda CB350 Cruiser: 2.3
Honda Activa 7G: 0.79
Honda PCX160: 1.2
Honda CBR150R: 1.7
Honda Rebel 300: 2.3
]]></system-out>
  </testcase>
  <testcase name="verifyUsedCarsPage" classname="testCases.TC_002" time="13.804"/>
  <testcase name="printPopularModels" classname="testCases.TC_002" time="9.292"/>
  <testcase name="verifyLoginBtn" classname="testCases.TC_003" time="0.692">
    <system-out><![CDATA[Login button is present
]]></system-out>
  </testcase>
  <testcase name="test_verifyLogin" classname="testCases.TC_003" time="8.862">
    <system-out><![CDATA[Error message : Couldn’t find your Google Account
]]></system-out>
  </testcase>
</testsuite>