<?xml version="1.0" encoding="UTF-8"?>
<testng-results ignored="0" total="10" passed="10" failed="0" skipped="0">
  <reporter-output>
  </reporter-output>
  <suite started-at="2024-02-12T12:20:21 IST" name="Nishant" finished-at="2024-02-12T12:21:43 IST" duration-ms="82613">
    <groups>
    </groups>
    <test started-at="2024-02-12T12:20:21 IST" name="myTest" finished-at="2024-02-12T12:21:43 IST" duration-ms="82613">
      <class name="testCases.TC_003">
        <test-method signature="verifyLoginBtn()[pri:9, instance:testCases.TC_003@6dc17b83]" started-at="2024-02-12T12:21:32 IST" name="verifyLoginBtn" finished-at="2024-02-12T12:21:33 IST" duration-ms="315" status="PASS">
          <reporter-output>
          </reporter-output>
        </test-method> <!-- verifyLoginBtn -->
        <test-method signature="test_verifyLogin()[pri:10, instance:testCases.TC_003@6dc17b83]" started-at="2024-02-12T12:21:33 IST" name="test_verifyLogin" finished-at="2024-02-12T12:21:42 IST" duration-ms="8719" status="PASS">
          <reporter-output>
          </reporter-output>
        </test-method> <!-- test_verifyLogin -->
      </class> <!-- testCases.TC_003 -->
      <class name="testCases.TC_001">
        <test-method is-config="true" signature="setup(java.lang.String,java.lang.String)[pri:0, instance:testCases.TC_001@4d9e68d0]" started-at="2024-02-12T12:20:21 IST" name="setup" finished-at="2024-02-12T12:20:45 IST" duration-ms="23224" status="PASS">
          <params>
            <param index="0">
              <value>
                <![CDATA[Windows]]>
              </value>
            </param>
            <param index="1">
              <value>
                <![CDATA[edge]]>
              </value>
            </param>
          </params>
          <reporter-output>
          </reporter-output>
        </test-method> <!-- setup -->
        <test-method signature="test_titleValidation()[pri:1, instance:testCases.TC_001@4d9e68d0]" started-at="2024-02-12T12:20:45 IST" name="test_titleValidation" finished-at="2024-02-12T12:20:45 IST" duration-ms="754" status="PASS">
          <reporter-output>
          </reporter-output>
        </test-method> <!-- test_titleValidation -->
        <test-method signature="clickUpcomingBikes()[pri:2, instance:testCases.TC_001@4d9e68d0]" started-at="2024-02-12T12:20:46 IST" name="clickUpcomingBikes" finished-at="2024-02-12T12:20:49 IST" duration-ms="2834" status="PASS">
          <reporter-output>
          </reporter-output>
        </test-method> <!-- clickUpcomingBikes -->
        <test-method signature="manufacturerVisbleTest()[pri:3, instance:testCases.TC_001@4d9e68d0]" started-at="2024-02-12T12:20:49 IST" name="manufacturerVisbleTest" finished-at="2024-02-12T12:20:49 IST" duration-ms="251" status="PASS">
          <reporter-output>
          </reporter-output>
        </test-method> <!-- manufacturerVisbleTest -->
        <test-method signature="setBikeModelHonda()[pri:4, instance:testCases.TC_001@4d9e68d0]" started-at="2024-02-12T12:20:50 IST" name="setBikeModelHonda" finished-at="2024-02-12T12:20:57 IST" duration-ms="7757" status="PASS">
          <reporter-output>
          </reporter-output>
        </test-method> <!-- setBikeModelHonda -->
        <test-method signature="hondaVisibleTest()[pri:5, instance:testCases.TC_001@4d9e68d0]" started-at="2024-02-12T12:20:58 IST" name="hondaVisibleTest" finished-at="2024-02-12T12:20:58 IST" duration-ms="51" status="PASS">
          <reporter-output>
          </reporter-output>
        </test-method> <!-- hondaVisibleTest -->
        <test-method signature="printBikesDetails()[pri:6, instance:testCases.TC_001@4d9e68d0]" started-at="2024-02-12T12:20:59 IST" name="printBikesDetails" finished-at="2024-02-12T12:21:09 IST" duration-ms="10006" status="PASS">
          <reporter-output>
          </reporter-output>
        </test-method> <!-- printBikesDetails -->
        <test-method is-config="true" signature="teardown()[pri:0, instance:testCases.TC_001@4d9e68d0]" started-at="2024-02-12T12:21:42 IST" name="teardown" finished-at="2024-02-12T12:21:43 IST" duration-ms="1615" status="PASS">
          <reporter-output>
          </reporter-output>
        </test-method> <!-- teardown -->
      </class> <!-- testCases.TC_001 -->
      <class name="testCases.TC_002">
        <test-method signature="verifyUsedCarsPage()[pri:7, instance:testCases.TC_002@5fdcaa40]" started-at="2024-02-12T12:21:09 IST" name="verifyUsedCarsPage" finished-at="2024-02-12T12:21:23 IST" duration-ms="13517" status="PASS">
          <reporter-output>
          </reporter-output>
        </test-method> <!-- verifyUsedCarsPage -->
        <test-method signature="printPopularModels()[pri:8, instance:testCases.TC_002@5fdcaa40]" started-at="2024-02-12T12:21:23 IST" name="printPopularModels" finished-at="2024-02-12T12:21:31 IST" duration-ms="7866" status="PASS">
          <reporter-output>
          </reporter-output>
        </test-method> <!-- printPopularModels -->
      </class> <!-- testCases.TC_002 -->
    </test> <!-- myTest -->
  </suite> <!-- Nishant -->
</testng-results>
