<?xml version="1.0" encoding="UTF-8"?>
<!-- Generated by org.testng.reporters.JUnitXMLReporter -->
<testsuite ignored="4" hostname="LTIN275543" failures="0" tests="4" name="myTest" time="118.65" errors="0" timestamp="2024-02-07T14:38:29 IST">
  <testcase classname="testCases.TC_001" name="searchHondaBikes" time="24.82"/>
  <testcase classname="testCases.TC_001" name="printBikesDetails" time="13.392"/>
  <testcase classname="testCases.TC_002" name="printPopularModels" time="27.574"/>
  <testcase classname="testCases.TC_003" name="test_verifyLogin" time="22.015"/>
  <testcase classname="testBase.BaseClass" name="@AfterTest teardown" time="0.0">
    <ignored/>
  </testcase> <!-- @AfterTest teardown -->
  <testcase classname="testBase.BaseClass" name="@AfterTest teardown" time="0.0">
    <ignored/>
  </testcase> <!-- @AfterTest teardown -->
  <testcase classname="testBase.BaseClass" name="@BeforeTest setup" time="0.0">
    <ignored/>
  </testcase> <!-- @BeforeTest setup -->
  <testcase classname="testBase.BaseClass" name="@BeforeTest setup" time="0.0">
    <ignored/>
  </testcase> <!-- @BeforeTest setup -->
</testsuite> <!-- myTest -->
