<?xml version="1.0" encoding="UTF-8"?>
<testng-results ignored="0" total="10" passed="10" failed="0" skipped="0">
  <reporter-output>
  </reporter-output>
  <suite started-at="2024-02-12T11:41:12 IST" name="Nishant" finished-at="2024-02-12T11:42:56 IST" duration-ms="103927">
    <groups>
    </groups>
    <test started-at="2024-02-12T11:41:12 IST" name="myTest" finished-at="2024-02-12T11:42:56 IST" duration-ms="103927">
      <class name="testCases.TC_003">
        <test-method signature="verifyLoginBtn()[pri:9, instance:testCases.TC_003@639c2c1d]" started-at="2024-02-12T11:42:44 IST" name="verifyLoginBtn" finished-at="2024-02-12T11:42:44 IST" duration-ms="481" status="PASS">
          <reporter-output>
          </reporter-output>
        </test-method> <!-- verifyLoginBtn -->
        <test-method signature="test_verifyLogin()[pri:10, instance:testCases.TC_003@639c2c1d]" started-at="2024-02-12T11:42:45 IST" name="test_verifyLogin" finished-at="2024-02-12T11:42:55 IST" duration-ms="9884" status="PASS">
          <reporter-output>
          </reporter-output>
        </test-method> <!-- test_verifyLogin -->
      </class> <!-- testCases.TC_003 -->
      <class name="testCases.TC_001">
        <test-method is-config="true" signature="setup(java.lang.String,java.lang.String)[pri:0, instance:testCases.TC_001@59474f18]" started-at="2024-02-12T11:41:14 IST" name="setup" finished-at="2024-02-12T11:41:34 IST" duration-ms="20609" status="PASS">
          <params>
            <param index="0">
              <value>
                <![CDATA[Windows]]>
              </value>
            </param>
            <param index="1">
              <value>
                <![CDATA[edge]]>
              </value>
            </param>
          </params>
          <reporter-output>
          </reporter-output>
        </test-method> <!-- setup -->
        <test-method signature="test_titleValidation()[pri:1, instance:testCases.TC_001@59474f18]" started-at="2024-02-12T11:41:34 IST" name="test_titleValidation" finished-at="2024-02-12T11:41:36 IST" duration-ms="2055" status="PASS">
          <reporter-output>
          </reporter-output>
        </test-method> <!-- test_titleValidation -->
        <test-method signature="clickUpcomingBikes()[pri:2, instance:testCases.TC_001@59474f18]" started-at="2024-02-12T11:41:37 IST" name="clickUpcomingBikes" finished-at="2024-02-12T11:41:51 IST" duration-ms="13799" status="PASS">
          <reporter-output>
          </reporter-output>
        </test-method> <!-- clickUpcomingBikes -->
        <test-method signature="manufacturerVisbleTest()[pri:3, instance:testCases.TC_001@59474f18]" started-at="2024-02-12T11:41:52 IST" name="manufacturerVisbleTest" finished-at="2024-02-12T11:41:52 IST" duration-ms="407" status="PASS">
          <reporter-output>
          </reporter-output>
        </test-method> <!-- manufacturerVisbleTest -->
        <test-method signature="setBikeModelHonda()[pri:4, instance:testCases.TC_001@59474f18]" started-at="2024-02-12T11:41:53 IST" name="setBikeModelHonda" finished-at="2024-02-12T11:41:56 IST" duration-ms="3673" status="PASS">
          <reporter-output>
          </reporter-output>
        </test-method> <!-- setBikeModelHonda -->
        <test-method signature="hondaVisibleTest()[pri:5, instance:testCases.TC_001@59474f18]" started-at="2024-02-12T11:41:57 IST" name="hondaVisibleTest" finished-at="2024-02-12T11:41:57 IST" duration-ms="84" status="PASS">
          <reporter-output>
          </reporter-output>
        </test-method> <!-- hondaVisibleTest -->
        <test-method signature="printBikesDetails()[pri:6, instance:testCases.TC_001@59474f18]" started-at="2024-02-12T11:41:57 IST" name="printBikesDetails" finished-at="2024-02-12T11:42:14 IST" duration-ms="16450" status="PASS">
          <reporter-output>
          </reporter-output>
        </test-method> <!-- printBikesDetails -->
        <test-method is-config="true" signature="teardown()[pri:0, instance:testCases.TC_001@59474f18]" started-at="2024-02-12T11:42:55 IST" name="teardown" finished-at="2024-02-12T11:42:56 IST" duration-ms="1459" status="PASS">
          <reporter-output>
          </reporter-output>
        </test-method> <!-- teardown -->
      </class> <!-- testCases.TC_001 -->
      <class name="testCases.TC_002">
        <test-method signature="verifyUsedCarsPage()[pri:7, instance:testCases.TC_002@515c6049]" started-at="2024-02-12T11:42:14 IST" name="verifyUsedCarsPage" finished-at="2024-02-12T11:42:31 IST" duration-ms="16477" status="PASS">
          <reporter-output>
          </reporter-output>
        </test-method> <!-- verifyUsedCarsPage -->
        <test-method signature="printPopularModels()[pri:8, instance:testCases.TC_002@515c6049]" started-at="2024-02-12T11:42:31 IST" name="printPopularModels" finished-at="2024-02-12T11:42:42 IST" duration-ms="10435" status="PASS">
          <reporter-output>
          </reporter-output>
        </test-method> <!-- printPopularModels -->
      </class> <!-- testCases.TC_002 -->
    </test> <!-- myTest -->
  </suite> <!-- Nishant -->
</testng-results>
